<?xml version="1.0" encoding="UTF-8"?>
<testng-results ignored="0" total="3" passed="2" failed="1" skipped="0">
  <reporter-output>
  </reporter-output>
  <suite started-at="2025-08-02T17:18:22 IST" name="Suite" finished-at="2025-08-02T17:21:01 IST" duration-ms="158871">
    <groups>
      <group name="Smoke">
        <method signature="eCommerce_TC1.FillForm(java.util.HashMap)[pri:0, instance:automation.eCommerce.eCommerce_TC1@6f1c29b7]" name="FillForm" class="automation.eCommerce.eCommerce_TC1"/>
      </group> <!-- Smoke -->
    </groups>
    <test started-at="2025-08-02T17:18:22 IST" name="E2E Test" finished-at="2025-08-02T17:19:09 IST" duration-ms="46367">
      <class name="automation.eCommerce.eCommerce_TC3">
        <test-method is-config="true" signature="configureAppium()[pri:0, instance:automation.eCommerce.eCommerce_TC3@1169afe1]" started-at="2025-08-02T17:18:22 IST" name="configureAppium" finished-at="2025-08-02T17:18:38 IST" duration-ms="15649" status="PASS">
          <reporter-output>
          </reporter-output>
        </test-method> <!-- configureAppium -->
        <test-method signature="E2Etest(java.util.HashMap)[pri:0, instance:automation.eCommerce.eCommerce_TC3@1169afe1]" started-at="2025-08-02T17:18:38 IST" name="E2Etest" data-provider="getData" finished-at="2025-08-02T17:19:06 IST" duration-ms="28111" status="PASS">
          <params>
            <param index="0">
              <value>
                <![CDATA[{gender=male, name=Dilip Lohani, country=Brazil}]]>
              </value>
            </param>
          </params>
          <reporter-output>
          </reporter-output>
        </test-method> <!-- E2Etest -->
        <test-method is-config="true" signature="tearDown()[pri:0, instance:automation.eCommerce.eCommerce_TC3@1169afe1]" started-at="2025-08-02T17:19:06 IST" name="tearDown" finished-at="2025-08-02T17:19:09 IST" duration-ms="2298" status="PASS">
          <reporter-output>
          </reporter-output>
        </test-method> <!-- tearDown -->
      </class> <!-- automation.eCommerce.eCommerce_TC3 -->
    </test> <!-- E2E Test -->
    <test started-at="2025-08-02T17:19:09 IST" name="Error Validation Test" finished-at="2025-08-02T17:19:39 IST" duration-ms="29340">
      <class name="automation.eCommerce.eCommerce_TC2">
        <test-method is-config="true" signature="configureAppium()[pri:0, instance:automation.eCommerce.eCommerce_TC2@1df8b5b8]" started-at="2025-08-02T17:19:09 IST" name="configureAppium" finished-at="2025-08-02T17:19:23 IST" duration-ms="13657" status="PASS">
          <reporter-output>
          </reporter-output>
        </test-method> <!-- configureAppium -->
        <test-method signature="FormError(java.util.HashMap)[pri:0, instance:automation.eCommerce.eCommerce_TC2@1df8b5b8]" started-at="2025-08-02T17:19:23 IST" name="FormError" data-provider="getData" finished-at="2025-08-02T17:19:36 IST" duration-ms="12616" status="FAIL">
          <params>
            <param index="0">
              <value>
                <![CDATA[{gender=male, name=Dilip Lohani, country=Brazil}]]>
              </value>
            </param>
          </params>
          <exception class="java.lang.AssertionError">
            <message>
              <![CDATA[expected [Please enter your] but found [Please enter your name]]]>
            </message>
            <full-stacktrace>
              <![CDATA[java.lang.AssertionError: expected [Please enter your] but found [Please enter your name]
at org.testng.Assert.fail(Assert.java:111)
at org.testng.Assert.failNotEquals(Assert.java:1590)
at org.testng.Assert.assertEqualsImpl(Assert.java:150)
at org.testng.Assert.assertEquals(Assert.java:132)
at org.testng.Assert.assertEquals(Assert.java:656)
at org.testng.Assert.assertEquals(Assert.java:666)
at automation.eCommerce.eCommerce_TC2.FormError(eCommerce_TC2.java:27)
at java.base/jdk.internal.reflect.DirectMethodHandleAccessor.invoke(DirectMethodHandleAccessor.java:103)
at java.base/java.lang.reflect.Method.invoke(Method.java:580)
at org.testng.internal.invokers.MethodInvocationHelper.invokeMethod(MethodInvocationHelper.java:141)
at org.testng.internal.invokers.TestInvoker.invokeMethod(TestInvoker.java:687)
at org.testng.internal.invokers.TestInvoker.invokeTestMethod(TestInvoker.java:230)
at org.testng.internal.invokers.MethodRunner.runInSequence(MethodRunner.java:63)
at org.testng.internal.invokers.TestInvoker$MethodInvocationAgent.invoke(TestInvoker.java:995)
at org.testng.internal.invokers.TestInvoker.invokeTestMethods(TestInvoker.java:203)
at org.testng.internal.invokers.TestMethodWorker.invokeTestMethods(TestMethodWorker.java:154)
at org.testng.internal.invokers.TestMethodWorker.run(TestMethodWorker.java:134)
at java.base/java.util.ArrayList.forEach(ArrayList.java:1596)
at org.testng.TestRunner.privateRun(TestRunner.java:741)
at org.testng.TestRunner.run(TestRunner.java:616)
at org.testng.SuiteRunner.runTest(SuiteRunner.java:421)
at org.testng.SuiteRunner.runSequentially(SuiteRunner.java:413)
at org.testng.SuiteRunner.privateRun(SuiteRunner.java:373)
at org.testng.SuiteRunner.run(SuiteRunner.java:312)
at org.testng.SuiteRunnerWorker.runSuite(SuiteRunnerWorker.java:52)
at org.testng.SuiteRunnerWorker.run(SuiteRunnerWorker.java:95)
at org.testng.TestNG.runSuitesSequentially(TestNG.java:1274)
at org.testng.TestNG.runSuitesLocally(TestNG.java:1208)
at org.testng.TestNG.runSuites(TestNG.java:1112)
at org.testng.TestNG.run(TestNG.java:1079)
at org.testng.remote.AbstractRemoteTestNG.run(AbstractRemoteTestNG.java:115)
at org.testng.remote.RemoteTestNG.initAndRun(RemoteTestNG.java:293)
at org.testng.remote.RemoteTestNG.main(RemoteTestNG.java:91)
]]>
            </full-stacktrace>
          </exception> <!-- java.lang.AssertionError -->
          <reporter-output>
          </reporter-output>
        </test-method> <!-- FormError -->
        <test-method is-config="true" signature="tearDown()[pri:0, instance:automation.eCommerce.eCommerce_TC2@1df8b5b8]" started-at="2025-08-02T17:19:36 IST" name="tearDown" finished-at="2025-08-02T17:19:39 IST" duration-ms="2315" status="PASS">
          <reporter-output>
          </reporter-output>
        </test-method> <!-- tearDown -->
      </class> <!-- automation.eCommerce.eCommerce_TC2 -->
    </test> <!-- Error Validation Test -->
    <test started-at="2025-08-02T17:19:39 IST" name="FormFillup Test" finished-at="2025-08-02T17:21:01 IST" duration-ms="82524">
      <class name="automation.eCommerce.eCommerce_TC1">
        <test-method is-config="true" signature="configureAppium()[pri:0, instance:automation.eCommerce.eCommerce_TC1@6f1c29b7]" started-at="2025-08-02T17:19:39 IST" name="configureAppium" finished-at="2025-08-02T17:19:51 IST" duration-ms="12296" status="PASS">
          <reporter-output>
          </reporter-output>
        </test-method> <!-- configureAppium -->
        <test-method signature="FillForm(java.util.HashMap)[pri:0, instance:automation.eCommerce.eCommerce_TC1@6f1c29b7]" started-at="2025-08-02T17:19:51 IST" name="FillForm" data-provider="getData" finished-at="2025-08-02T17:21:00 IST" duration-ms="69395" status="PASS">
          <params>
            <param index="0">
              <value>
                <![CDATA[{gender=male, name=Dilip Lohani, country=Brazil}]]>
              </value>
            </param>
          </params>
          <reporter-output>
          </reporter-output>
        </test-method> <!-- FillForm -->
        <test-method is-config="true" signature="tearDown()[pri:0, instance:automation.eCommerce.eCommerce_TC1@6f1c29b7]" started-at="2025-08-02T17:21:00 IST" name="tearDown" finished-at="2025-08-02T17:21:01 IST" duration-ms="823" status="PASS">
          <reporter-output>
          </reporter-output>
        </test-method> <!-- tearDown -->
      </class> <!-- automation.eCommerce.eCommerce_TC1 -->
    </test> <!-- FormFillup Test -->
  </suite> <!-- Suite -->
</testng-results>
