<?xml version="1.0" encoding="UTF-8"?>
<testng-results ignored="0" total="3" passed="3" failed="0" skipped="0">
  <reporter-output>
  </reporter-output>
  <suite started-at="2025-08-10T12:39:06 IST" name="Suite" finished-at="2025-08-10T12:40:53 IST" duration-ms="107051">
    <groups>
      <group name="Smoke">
        <method signature="eCommerce_TC1.FillForm(java.util.HashMap)[pri:0, instance:automation.eCommerce.eCommerce_TC1@6f1c29b7]" name="FillForm" class="automation.eCommerce.eCommerce_TC1"/>
      </group> <!-- Smoke -->
    </groups>
    <test started-at="2025-08-10T12:39:06 IST" name="E2E Test" finished-at="2025-08-10T12:40:01 IST" duration-ms="54661">
      <class name="automation.eCommerce.eCommerce_TC3">
        <test-method is-config="true" signature="configureAppium()[pri:0, instance:automation.eCommerce.eCommerce_TC3@1169afe1]" started-at="2025-08-10T12:39:06 IST" name="configureAppium" finished-at="2025-08-10T12:39:29 IST" duration-ms="22316" status="PASS">
          <reporter-output>
          </reporter-output>
        </test-method> <!-- configureAppium -->
        <test-method signature="E2Etest(java.util.HashMap)[pri:0, instance:automation.eCommerce.eCommerce_TC3@1169afe1]" started-at="2025-08-10T12:39:29 IST" name="E2Etest" data-provider="getData" finished-at="2025-08-10T12:39:59 IST" duration-ms="30440" status="PASS">
          <params>
            <param index="0">
              <value>
                <![CDATA[{gender=male, name=Dilip Lohani, country=Brazil}]]>
              </value>
            </param>
          </params>
          <reporter-output>
          </reporter-output>
        </test-method> <!-- E2Etest -->
        <test-method is-config="true" signature="tearDown()[pri:0, instance:automation.eCommerce.eCommerce_TC3@1169afe1]" started-at="2025-08-10T12:39:59 IST" name="tearDown" finished-at="2025-08-10T12:40:01 IST" duration-ms="1484" status="PASS">
          <reporter-output>
          </reporter-output>
        </test-method> <!-- tearDown -->
      </class> <!-- automation.eCommerce.eCommerce_TC3 -->
    </test> <!-- E2E Test -->
    <test started-at="2025-08-10T12:40:01 IST" name="Error Validation Test" finished-at="2025-08-10T12:40:27 IST" duration-ms="25669">
      <class name="automation.eCommerce.eCommerce_TC2">
        <test-method is-config="true" signature="configureAppium()[pri:0, instance:automation.eCommerce.eCommerce_TC2@1df8b5b8]" started-at="2025-08-10T12:40:01 IST" name="configureAppium" finished-at="2025-08-10T12:40:11 IST" duration-ms="10083" status="PASS">
          <reporter-output>
          </reporter-output>
        </test-method> <!-- configureAppium -->
        <test-method signature="FormError(java.util.HashMap)[pri:0, instance:automation.eCommerce.eCommerce_TC2@1df8b5b8]" started-at="2025-08-10T12:40:11 IST" name="FormError" data-provider="getData" finished-at="2025-08-10T12:40:26 IST" duration-ms="14560" status="PASS">
          <params>
            <param index="0">
              <value>
                <![CDATA[{gender=male, name=Dilip Lohani, country=Brazil}]]>
              </value>
            </param>
          </params>
          <reporter-output>
          </reporter-output>
        </test-method> <!-- FormError -->
        <test-method is-config="true" signature="tearDown()[pri:0, instance:automation.eCommerce.eCommerce_TC2@1df8b5b8]" started-at="2025-08-10T12:40:26 IST" name="tearDown" finished-at="2025-08-10T12:40:27 IST" duration-ms="1017" status="PASS">
          <reporter-output>
          </reporter-output>
        </test-method> <!-- tearDown -->
      </class> <!-- automation.eCommerce.eCommerce_TC2 -->
    </test> <!-- Error Validation Test -->
    <test started-at="2025-08-10T12:40:27 IST" name="FormFillup Test" finished-at="2025-08-10T12:40:53 IST" duration-ms="26135">
      <class name="automation.eCommerce.eCommerce_TC1">
        <test-method is-config="true" signature="configureAppium()[pri:0, instance:automation.eCommerce.eCommerce_TC1@6f1c29b7]" started-at="2025-08-10T12:40:27 IST" name="configureAppium" finished-at="2025-08-10T12:40:36 IST" duration-ms="9187" status="PASS">
          <reporter-output>
          </reporter-output>
        </test-method> <!-- configureAppium -->
        <test-method signature="FillForm(java.util.HashMap)[pri:0, instance:automation.eCommerce.eCommerce_TC1@6f1c29b7]" started-at="2025-08-10T12:40:36 IST" name="FillForm" data-provider="getData" finished-at="2025-08-10T12:40:52 IST" duration-ms="15269" status="PASS">
          <params>
            <param index="0">
              <value>
                <![CDATA[{gender=male, name=Dilip Lohani, country=Brazil}]]>
              </value>
            </param>
          </params>
          <reporter-output>
          </reporter-output>
        </test-method> <!-- FillForm -->
        <test-method is-config="true" signature="tearDown()[pri:0, instance:automation.eCommerce.eCommerce_TC1@6f1c29b7]" started-at="2025-08-10T12:40:52 IST" name="tearDown" finished-at="2025-08-10T12:40:53 IST" duration-ms="1666" status="PASS">
          <reporter-output>
          </reporter-output>
        </test-method> <!-- tearDown -->
      </class> <!-- automation.eCommerce.eCommerce_TC1 -->
    </test> <!-- FormFillup Test -->
  </suite> <!-- Suite -->
</testng-results>
